{
  "contracts/Gelatofied.sol": {
    "l": { "16": 7, "17": 6, "18": 6, "19": 0, "21": 6 },
    "path": "/Users/earth/Desktop/GELATO/uni-v3-lp/contracts/Gelatofied.sol",
    "s": { "1": 7, "2": 6, "3": 0, "4": 6 },
    "b": { "1": [6, 1], "2": [0, 6] },
    "f": { "1": 12, "2": 7 },
    "fnMap": {
      "1": {
        "name": "constructor",
        "line": 9,
        "loc": {
          "start": { "line": 9, "column": 4 },
          "end": { "line": 9, "column": 19 }
        }
      },
      "2": {
        "name": "gelatofy",
        "line": 11,
        "loc": {
          "start": { "line": 11, "column": 4 },
          "end": { "line": 23, "column": 4 }
        }
      }
    },
    "statementMap": {
      "1": {
        "start": { "line": 16, "column": 8 },
        "end": { "line": 16, "column": 64 }
      },
      "2": {
        "start": { "line": 18, "column": 8 },
        "end": { "line": 18, "column": 465 }
      },
      "3": {
        "start": { "line": 19, "column": 12 },
        "end": { "line": 19, "column": 59 }
      },
      "4": {
        "start": { "line": 21, "column": 12 },
        "end": { "line": 21, "column": 71 }
      }
    },
    "branchMap": {
      "1": {
        "line": 16,
        "type": "if",
        "locations": [
          {
            "start": { "line": 16, "column": 8 },
            "end": { "line": 16, "column": 8 }
          },
          {
            "start": { "line": 16, "column": 8 },
            "end": { "line": 16, "column": 8 }
          }
        ]
      },
      "2": {
        "line": 18,
        "type": "if",
        "locations": [
          {
            "start": { "line": 18, "column": 8 },
            "end": { "line": 18, "column": 8 }
          },
          {
            "start": { "line": 18, "column": 8 },
            "end": { "line": 18, "column": 8 }
          }
        ]
      }
    }
  },
  "contracts/MetaPool.sol": {
    "l": {
      "59": 12,
      "60": 12,
      "62": 12,
      "68": 12,
      "69": 12,
      "70": 12,
      "71": 12,
      "74": 12,
      "75": 12,
      "76": 12,
      "78": 12,
      "84": 12,
      "85": 11,
      "89": 9,
      "91": 9,
      "93": 9,
      "101": 9,
      "103": 9,
      "111": 9,
      "112": 9,
      "113": 8,
      "115": 1,
      "117": 9,
      "128": 1,
      "130": 1,
      "131": 1,
      "133": 1,
      "141": 1,
      "143": 1,
      "145": 1,
      "146": 1,
      "147": 1,
      "149": 1,
      "156": 1,
      "173": 6,
      "174": 2,
      "183": 4,
      "199": 2,
      "204": 2,
      "205": 2,
      "206": 2,
      "207": 2,
      "215": 2,
      "216": 2,
      "224": 2,
      "227": 2,
      "232": 2,
      "237": 2,
      "244": 2,
      "253": 4,
      "259": 4,
      "267": 4,
      "268": 4,
      "276": 4,
      "278": 4,
      "282": 4,
      "286": 2,
      "289": 4,
      "299": 6,
      "302": 6,
      "310": 6,
      "318": 6,
      "319": 6,
      "323": 6,
      "325": 3,
      "326": 3,
      "337": 3,
      "338": 3,
      "341": 3,
      "342": 3,
      "351": 3,
      "369": 6,
      "370": 6,
      "372": 6,
      "376": 6,
      "378": 0,
      "379": 0,
      "383": 6,
      "397": 18,
      "399": 18,
      "401": 18,
      "402": 9,
      "403": 9,
      "405": 9,
      "406": 9,
      "409": 9,
      "410": 9,
      "417": 9,
      "418": 9,
      "433": 3,
      "435": 3,
      "436": 0,
      "442": 3
    },
    "path": "/Users/earth/Desktop/GELATO/uni-v3-lp/contracts/MetaPool.sol",
    "s": {
      "1": 12,
      "2": 12,
      "3": 12,
      "4": 12,
      "5": 12,
      "6": 12,
      "7": 12,
      "8": 12,
      "9": 12,
      "10": 12,
      "11": 12,
      "12": 12,
      "13": 11,
      "14": 9,
      "15": 9,
      "16": 9,
      "17": 9,
      "18": 9,
      "19": 9,
      "20": 9,
      "21": 8,
      "22": 1,
      "23": 9,
      "24": 1,
      "25": 1,
      "26": 1,
      "27": 1,
      "28": 1,
      "29": 1,
      "30": 1,
      "31": 1,
      "32": 1,
      "33": 1,
      "34": 1,
      "35": 6,
      "36": 2,
      "37": 4,
      "38": 2,
      "39": 2,
      "40": 2,
      "41": 2,
      "42": 2,
      "43": 2,
      "44": 2,
      "45": 2,
      "46": 2,
      "47": 2,
      "48": 2,
      "49": 4,
      "50": 4,
      "51": 4,
      "52": 4,
      "53": 4,
      "54": 4,
      "55": 4,
      "56": 2,
      "57": 4,
      "58": 6,
      "59": 6,
      "60": 6,
      "61": 6,
      "62": 6,
      "63": 6,
      "64": 3,
      "65": 3,
      "66": 3,
      "67": 3,
      "68": 3,
      "69": 3,
      "70": 3,
      "71": 6,
      "72": 6,
      "73": 6,
      "74": 6,
      "75": 0,
      "76": 0,
      "77": 6,
      "78": 18,
      "79": 18,
      "80": 18,
      "81": 9,
      "82": 9,
      "83": 9,
      "84": 9,
      "85": 9,
      "86": 9,
      "87": 9,
      "88": 9,
      "89": 3,
      "90": 3,
      "91": 0,
      "92": 3,
      "93": 3
    },
    "b": {
      "1": [11, 1],
      "2": [8, 1],
      "3": [1, 0],
      "4": [2, 4],
      "5": [2, 2],
      "6": [3, 3],
      "7": [0, 6],
      "8": [18, 0],
      "9": [9, 9],
      "10": [9, 0],
      "11": [9, 0],
      "12": [9, 0],
      "13": [9, 0],
      "14": [3, 0],
      "15": [0, 3],
      "16": [3, 0]
    },
    "f": {
      "1": 12,
      "2": 9,
      "3": 1,
      "4": 6,
      "5": 2,
      "6": 4,
      "7": 6,
      "8": 6,
      "9": 18,
      "10": 3
    },
    "fnMap": {
      "1": {
        "name": "constructor",
        "line": 58,
        "loc": {
          "start": { "line": 58, "column": 4 },
          "end": { "line": 86, "column": 4 }
        }
      },
      "2": {
        "name": "mint",
        "line": 88,
        "loc": {
          "start": { "line": 88, "column": 4 },
          "end": { "line": 118, "column": 4 }
        }
      },
      "3": {
        "name": "burn",
        "line": 120,
        "loc": {
          "start": { "line": 120, "column": 4 },
          "end": { "line": 163, "column": 4 }
        }
      },
      "4": {
        "name": "rebalance",
        "line": 171,
        "loc": {
          "start": { "line": 165, "column": 4 },
          "end": { "line": 190, "column": 4 }
        }
      },
      "5": {
        "name": "switchPools",
        "line": 192,
        "loc": {
          "start": { "line": 192, "column": 4 },
          "end": { "line": 245, "column": 4 }
        }
      },
      "6": {
        "name": "adjustCurrentPool",
        "line": 247,
        "loc": {
          "start": { "line": 247, "column": 4 },
          "end": { "line": 290, "column": 4 }
        }
      },
      "7": {
        "name": "deposit",
        "line": 292,
        "loc": {
          "start": { "line": 292, "column": 4 },
          "end": { "line": 359, "column": 4 }
        }
      },
      "8": {
        "name": "withdraw",
        "line": 361,
        "loc": {
          "start": { "line": 361, "column": 4 },
          "end": { "line": 390, "column": 4 }
        }
      },
      "9": {
        "name": "uniswapV3MintCallback",
        "line": 392,
        "loc": {
          "start": { "line": 392, "column": 4 },
          "end": { "line": 426, "column": 4 }
        }
      },
      "10": {
        "name": "uniswapV3SwapCallback",
        "line": 428,
        "loc": {
          "start": { "line": 428, "column": 4 },
          "end": { "line": 448, "column": 4 }
        }
      }
    },
    "statementMap": {
      "1": {
        "start": { "line": 59, "column": 8 },
        "end": { "line": 59, "column": 64 }
      },
      "2": {
        "start": { "line": 60, "column": 8 },
        "end": { "line": 60, "column": 25 }
      },
      "3": {
        "start": { "line": 62, "column": 8 },
        "end": { "line": 62, "column": 1892 }
      },
      "4": {
        "start": { "line": 68, "column": 8 },
        "end": { "line": 68, "column": 23 }
      },
      "5": {
        "start": { "line": 69, "column": 8 },
        "end": { "line": 69, "column": 23 }
      },
      "6": {
        "start": { "line": 70, "column": 8 },
        "end": { "line": 70, "column": 58 }
      },
      "7": {
        "start": { "line": 71, "column": 8 },
        "end": { "line": 71, "column": 23 }
      },
      "8": {
        "start": { "line": 74, "column": 8 },
        "end": { "line": 74, "column": 34 }
      },
      "9": {
        "start": { "line": 75, "column": 8 },
        "end": { "line": 75, "column": 34 }
      },
      "10": {
        "start": { "line": 76, "column": 8 },
        "end": { "line": 76, "column": 46 }
      },
      "11": {
        "start": { "line": 78, "column": 8 },
        "end": { "line": 78, "column": 2394 }
      },
      "12": {
        "start": { "line": 84, "column": 8 },
        "end": { "line": 84, "column": 41 }
      },
      "13": {
        "start": { "line": 85, "column": 8 },
        "end": { "line": 85, "column": 48 }
      },
      "14": {
        "start": { "line": 89, "column": 8 },
        "end": { "line": 89, "column": 2798 }
      },
      "15": {
        "start": { "line": 91, "column": 8 },
        "end": { "line": 91, "column": 49 }
      },
      "16": {
        "start": { "line": 93, "column": 8 },
        "end": { "line": 93, "column": 2926 }
      },
      "17": {
        "start": { "line": 101, "column": 8 },
        "end": { "line": 101, "column": 73 }
      },
      "18": {
        "start": { "line": 103, "column": 8 },
        "end": { "line": 103, "column": 3228 }
      },
      "19": {
        "start": { "line": 111, "column": 8 },
        "end": { "line": 111, "column": 42 }
      },
      "20": {
        "start": { "line": 112, "column": 8 },
        "end": { "line": 112, "column": 3461 }
      },
      "21": {
        "start": { "line": 113, "column": 12 },
        "end": { "line": 113, "column": 36 }
      },
      "22": {
        "start": { "line": 115, "column": 12 },
        "end": { "line": 115, "column": 75 }
      },
      "23": {
        "start": { "line": 117, "column": 8 },
        "end": { "line": 117, "column": 36 }
      },
      "24": {
        "start": { "line": 128, "column": 8 },
        "end": { "line": 128, "column": 3907 }
      },
      "25": {
        "start": { "line": 130, "column": 8 },
        "end": { "line": 130, "column": 49 }
      },
      "26": {
        "start": { "line": 131, "column": 8 },
        "end": { "line": 131, "column": 42 }
      },
      "27": {
        "start": { "line": 133, "column": 8 },
        "end": { "line": 133, "column": 4079 }
      },
      "28": {
        "start": { "line": 141, "column": 8 },
        "end": { "line": 141, "column": 73 }
      },
      "29": {
        "start": { "line": 143, "column": 8 },
        "end": { "line": 143, "column": 36 }
      },
      "30": {
        "start": { "line": 145, "column": 8 },
        "end": { "line": 145, "column": 76 }
      },
      "31": {
        "start": { "line": 146, "column": 8 },
        "end": { "line": 146, "column": 52 }
      },
      "32": {
        "start": { "line": 147, "column": 8 },
        "end": { "line": 147, "column": 50 }
      },
      "33": {
        "start": { "line": 149, "column": 8 },
        "end": { "line": 149, "column": 4608 }
      },
      "34": {
        "start": { "line": 156, "column": 8 },
        "end": { "line": 156, "column": 4792 }
      },
      "35": {
        "start": { "line": 173, "column": 8 },
        "end": { "line": 173, "column": 5291 }
      },
      "36": {
        "start": { "line": 174, "column": 12 },
        "end": { "line": 174, "column": 5349 }
      },
      "37": {
        "start": { "line": 183, "column": 12 },
        "end": { "line": 183, "column": 5620 }
      },
      "38": {
        "start": { "line": 199, "column": 8 },
        "end": { "line": 199, "column": 6028 }
      },
      "39": {
        "start": { "line": 204, "column": 8 },
        "end": { "line": 204, "column": 25 }
      },
      "40": {
        "start": { "line": 205, "column": 8 },
        "end": { "line": 205, "column": 25 }
      },
      "41": {
        "start": { "line": 207, "column": 12 },
        "end": { "line": 207, "column": 6239 }
      },
      "42": {
        "start": { "line": 215, "column": 12 },
        "end": { "line": 215, "column": 77 }
      },
      "43": {
        "start": { "line": 216, "column": 12 },
        "end": { "line": 216, "column": 6581 }
      },
      "44": {
        "start": { "line": 224, "column": 12 },
        "end": { "line": 224, "column": 6869 }
      },
      "45": {
        "start": { "line": 227, "column": 12 },
        "end": { "line": 227, "column": 6990 }
      },
      "46": {
        "start": { "line": 232, "column": 8 },
        "end": { "line": 232, "column": 7104 }
      },
      "47": {
        "start": { "line": 237, "column": 8 },
        "end": { "line": 237, "column": 7290 }
      },
      "48": {
        "start": { "line": 244, "column": 8 },
        "end": { "line": 244, "column": 73 }
      },
      "49": {
        "start": { "line": 253, "column": 8 },
        "end": { "line": 253, "column": 7778 }
      },
      "50": {
        "start": { "line": 259, "column": 8 },
        "end": { "line": 259, "column": 7918 }
      },
      "51": {
        "start": { "line": 267, "column": 8 },
        "end": { "line": 267, "column": 73 }
      },
      "52": {
        "start": { "line": 268, "column": 8 },
        "end": { "line": 268, "column": 8224 }
      },
      "53": {
        "start": { "line": 276, "column": 8 },
        "end": { "line": 276, "column": 8532 }
      },
      "54": {
        "start": { "line": 278, "column": 8 },
        "end": { "line": 278, "column": 8637 }
      },
      "55": {
        "start": { "line": 282, "column": 8 },
        "end": { "line": 282, "column": 8710 }
      },
      "56": {
        "start": { "line": 286, "column": 12 },
        "end": { "line": 286, "column": 78 }
      },
      "57": {
        "start": { "line": 289, "column": 8 },
        "end": { "line": 289, "column": 78 }
      },
      "58": {
        "start": { "line": 299, "column": 8 },
        "end": { "line": 299, "column": 65 }
      },
      "59": {
        "start": { "line": 302, "column": 8 },
        "end": { "line": 302, "column": 9301 }
      },
      "60": {
        "start": { "line": 310, "column": 8 },
        "end": { "line": 310, "column": 9592 }
      },
      "61": {
        "start": { "line": 318, "column": 8 },
        "end": { "line": 318, "column": 34 }
      },
      "62": {
        "start": { "line": 319, "column": 8 },
        "end": { "line": 319, "column": 34 }
      },
      "63": {
        "start": { "line": 323, "column": 8 },
        "end": { "line": 323, "column": 10084 }
      },
      "64": {
        "start": { "line": 325, "column": 12 },
        "end": { "line": 325, "column": 47 }
      },
      "65": {
        "start": { "line": 326, "column": 12 },
        "end": { "line": 326, "column": 10275 }
      },
      "66": {
        "start": { "line": 337, "column": 12 },
        "end": { "line": 337, "column": 60 }
      },
      "67": {
        "start": { "line": 338, "column": 12 },
        "end": { "line": 338, "column": 60 }
      },
      "68": {
        "start": { "line": 341, "column": 12 },
        "end": { "line": 341, "column": 60 }
      },
      "69": {
        "start": { "line": 342, "column": 12 },
        "end": { "line": 342, "column": 10937 }
      },
      "70": {
        "start": { "line": 351, "column": 12 },
        "end": { "line": 351, "column": 11256 }
      },
      "71": {
        "start": { "line": 369, "column": 8 },
        "end": { "line": 369, "column": 50 }
      },
      "72": {
        "start": { "line": 370, "column": 8 },
        "end": { "line": 370, "column": 50 }
      },
      "73": {
        "start": { "line": 372, "column": 8 },
        "end": { "line": 372, "column": 11938 }
      },
      "74": {
        "start": { "line": 376, "column": 8 },
        "end": { "line": 376, "column": 12093 }
      },
      "75": {
        "start": { "line": 378, "column": 12 },
        "end": { "line": 378, "column": 43 }
      },
      "76": {
        "start": { "line": 379, "column": 12 },
        "end": { "line": 379, "column": 43 }
      },
      "77": {
        "start": { "line": 383, "column": 8 },
        "end": { "line": 383, "column": 12330 }
      },
      "78": {
        "start": { "line": 397, "column": 8 },
        "end": { "line": 397, "column": 50 }
      },
      "79": {
        "start": { "line": 399, "column": 8 },
        "end": { "line": 399, "column": 52 }
      },
      "80": {
        "start": { "line": 401, "column": 8 },
        "end": { "line": 401, "column": 12786 }
      },
      "81": {
        "start": { "line": 402, "column": 12 },
        "end": { "line": 402, "column": 12833 }
      },
      "82": {
        "start": { "line": 403, "column": 16 },
        "end": { "line": 403, "column": 75 }
      },
      "83": {
        "start": { "line": 405, "column": 12 },
        "end": { "line": 405, "column": 12960 }
      },
      "84": {
        "start": { "line": 406, "column": 16 },
        "end": { "line": 406, "column": 75 }
      },
      "85": {
        "start": { "line": 409, "column": 12 },
        "end": { "line": 409, "column": 13104 }
      },
      "86": {
        "start": { "line": 410, "column": 16 },
        "end": { "line": 410, "column": 13147 }
      },
      "87": {
        "start": { "line": 417, "column": 12 },
        "end": { "line": 417, "column": 13341 }
      },
      "88": {
        "start": { "line": 418, "column": 16 },
        "end": { "line": 418, "column": 13384 }
      },
      "89": {
        "start": { "line": 433, "column": 8 },
        "end": { "line": 433, "column": 50 }
      },
      "90": {
        "start": { "line": 435, "column": 8 },
        "end": { "line": 435, "column": 13793 }
      },
      "91": {
        "start": { "line": 436, "column": 12 },
        "end": { "line": 436, "column": 13833 }
      },
      "92": {
        "start": { "line": 441, "column": 15 },
        "end": { "line": 441, "column": 13978 }
      },
      "93": {
        "start": { "line": 442, "column": 12 },
        "end": { "line": 442, "column": 14018 }
      }
    },
    "branchMap": {
      "1": {
        "line": 84,
        "type": "if",
        "locations": [
          {
            "start": { "line": 84, "column": 8 },
            "end": { "line": 84, "column": 8 }
          },
          {
            "start": { "line": 84, "column": 8 },
            "end": { "line": 84, "column": 8 }
          }
        ]
      },
      "2": {
        "line": 112,
        "type": "if",
        "locations": [
          {
            "start": { "line": 112, "column": 8 },
            "end": { "line": 112, "column": 8 }
          },
          {
            "start": { "line": 112, "column": 8 },
            "end": { "line": 112, "column": 8 }
          }
        ]
      },
      "3": {
        "line": 146,
        "type": "if",
        "locations": [
          {
            "start": { "line": 146, "column": 8 },
            "end": { "line": 146, "column": 8 }
          },
          {
            "start": { "line": 146, "column": 8 },
            "end": { "line": 146, "column": 8 }
          }
        ]
      },
      "4": {
        "line": 173,
        "type": "if",
        "locations": [
          {
            "start": { "line": 173, "column": 8 },
            "end": { "line": 173, "column": 8 }
          },
          {
            "start": { "line": 173, "column": 8 },
            "end": { "line": 173, "column": 8 }
          }
        ]
      },
      "5": {
        "line": 282,
        "type": "if",
        "locations": [
          {
            "start": { "line": 282, "column": 8 },
            "end": { "line": 282, "column": 8 }
          },
          {
            "start": { "line": 282, "column": 8 },
            "end": { "line": 282, "column": 8 }
          }
        ]
      },
      "6": {
        "line": 323,
        "type": "if",
        "locations": [
          {
            "start": { "line": 323, "column": 8 },
            "end": { "line": 323, "column": 8 }
          },
          {
            "start": { "line": 323, "column": 8 },
            "end": { "line": 323, "column": 8 }
          }
        ]
      },
      "7": {
        "line": 376,
        "type": "if",
        "locations": [
          {
            "start": { "line": 376, "column": 8 },
            "end": { "line": 376, "column": 8 }
          },
          {
            "start": { "line": 376, "column": 8 },
            "end": { "line": 376, "column": 8 }
          }
        ]
      },
      "8": {
        "line": 397,
        "type": "if",
        "locations": [
          {
            "start": { "line": 397, "column": 8 },
            "end": { "line": 397, "column": 8 }
          },
          {
            "start": { "line": 397, "column": 8 },
            "end": { "line": 397, "column": 8 }
          }
        ]
      },
      "9": {
        "line": 401,
        "type": "if",
        "locations": [
          {
            "start": { "line": 401, "column": 8 },
            "end": { "line": 401, "column": 8 }
          },
          {
            "start": { "line": 401, "column": 8 },
            "end": { "line": 401, "column": 8 }
          }
        ]
      },
      "10": {
        "line": 402,
        "type": "if",
        "locations": [
          {
            "start": { "line": 402, "column": 12 },
            "end": { "line": 402, "column": 12 }
          },
          {
            "start": { "line": 402, "column": 12 },
            "end": { "line": 402, "column": 12 }
          }
        ]
      },
      "11": {
        "line": 405,
        "type": "if",
        "locations": [
          {
            "start": { "line": 405, "column": 12 },
            "end": { "line": 405, "column": 12 }
          },
          {
            "start": { "line": 405, "column": 12 },
            "end": { "line": 405, "column": 12 }
          }
        ]
      },
      "12": {
        "line": 409,
        "type": "if",
        "locations": [
          {
            "start": { "line": 409, "column": 12 },
            "end": { "line": 409, "column": 12 }
          },
          {
            "start": { "line": 409, "column": 12 },
            "end": { "line": 409, "column": 12 }
          }
        ]
      },
      "13": {
        "line": 417,
        "type": "if",
        "locations": [
          {
            "start": { "line": 417, "column": 12 },
            "end": { "line": 417, "column": 12 }
          },
          {
            "start": { "line": 417, "column": 12 },
            "end": { "line": 417, "column": 12 }
          }
        ]
      },
      "14": {
        "line": 433,
        "type": "if",
        "locations": [
          {
            "start": { "line": 433, "column": 8 },
            "end": { "line": 433, "column": 8 }
          },
          {
            "start": { "line": 433, "column": 8 },
            "end": { "line": 433, "column": 8 }
          }
        ]
      },
      "15": {
        "line": 435,
        "type": "if",
        "locations": [
          {
            "start": { "line": 435, "column": 8 },
            "end": { "line": 435, "column": 8 }
          },
          {
            "start": { "line": 435, "column": 8 },
            "end": { "line": 435, "column": 8 }
          }
        ]
      },
      "16": {
        "line": 441,
        "type": "if",
        "locations": [
          {
            "start": { "line": 441, "column": 15 },
            "end": { "line": 441, "column": 15 }
          },
          {
            "start": { "line": 441, "column": 15 },
            "end": { "line": 441, "column": 15 }
          }
        ]
      }
    }
  },
  "contracts/MetaPoolFactory.sol": {
    "l": {
      "20": 36,
      "21": 36,
      "29": 10,
      "31": 10,
      "51": 13,
      "52": 13,
      "54": 13,
      "56": 13,
      "57": 13,
      "59": 13,
      "63": 11,
      "64": 11,
      "66": 11,
      "80": 12
    },
    "path": "/Users/earth/Desktop/GELATO/uni-v3-lp/contracts/MetaPoolFactory.sol",
    "s": {
      "1": 36,
      "2": 36,
      "3": 10,
      "4": 10,
      "5": 13,
      "6": 13,
      "7": 13,
      "8": 13,
      "9": 13,
      "10": 13,
      "11": 11,
      "12": 11,
      "13": 11,
      "14": 12
    },
    "b": { "1": [13, 0], "2": [13, 0] },
    "f": { "1": 36, "2": 10, "3": 13, "4": 12 },
    "fnMap": {
      "1": {
        "name": "constructor",
        "line": 19,
        "loc": {
          "start": { "line": 19, "column": 4 },
          "end": { "line": 22, "column": 4 }
        }
      },
      "2": {
        "name": "calculatePoolAddress",
        "line": 24,
        "loc": {
          "start": { "line": 24, "column": 4 },
          "end": { "line": 44, "column": 4 }
        }
      },
      "3": {
        "name": "createPool",
        "line": 46,
        "loc": {
          "start": { "line": 46, "column": 4 },
          "end": { "line": 67, "column": 4 }
        }
      },
      "4": {
        "name": "getDeployProps",
        "line": 69,
        "loc": {
          "start": { "line": 69, "column": 4 },
          "end": { "line": 81, "column": 4 }
        }
      }
    },
    "statementMap": {
      "1": {
        "start": { "line": 20, "column": 8 },
        "end": { "line": 20, "column": 39 }
      },
      "2": {
        "start": { "line": 21, "column": 8 },
        "end": { "line": 21, "column": 23 }
      },
      "3": {
        "start": { "line": 29, "column": 8 },
        "end": { "line": 29, "column": 984 }
      },
      "4": {
        "start": { "line": 31, "column": 8 },
        "end": { "line": 31, "column": 1042 }
      },
      "5": {
        "start": { "line": 51, "column": 8 },
        "end": { "line": 51, "column": 32 }
      },
      "6": {
        "start": { "line": 52, "column": 8 },
        "end": { "line": 52, "column": 1681 }
      },
      "7": {
        "start": { "line": 54, "column": 8 },
        "end": { "line": 54, "column": 36 }
      },
      "8": {
        "start": { "line": 56, "column": 8 },
        "end": { "line": 56, "column": 23 }
      },
      "9": {
        "start": { "line": 57, "column": 8 },
        "end": { "line": 57, "column": 23 }
      },
      "10": {
        "start": { "line": 59, "column": 8 },
        "end": { "line": 59, "column": 1827 }
      },
      "11": {
        "start": { "line": 63, "column": 8 },
        "end": { "line": 63, "column": 27 }
      },
      "12": {
        "start": { "line": 64, "column": 8 },
        "end": { "line": 64, "column": 27 }
      },
      "13": {
        "start": { "line": 66, "column": 8 },
        "end": { "line": 66, "column": 46 }
      },
      "14": {
        "start": { "line": 80, "column": 8 },
        "end": { "line": 80, "column": 57 }
      }
    },
    "branchMap": {
      "1": {
        "line": 51,
        "type": "if",
        "locations": [
          {
            "start": { "line": 51, "column": 8 },
            "end": { "line": 51, "column": 8 }
          },
          {
            "start": { "line": 51, "column": 8 },
            "end": { "line": 51, "column": 8 }
          }
        ]
      },
      "2": {
        "line": 54,
        "type": "if",
        "locations": [
          {
            "start": { "line": 54, "column": 8 },
            "end": { "line": 54, "column": 8 }
          },
          {
            "start": { "line": 54, "column": 8 },
            "end": { "line": 54, "column": 8 }
          }
        ]
      }
    }
  }
}
